# JRE version: Java(TM) SE Runtime Environment (8.0_144-b01) (build 1.8.0_144-b01)
# Java VM: Java HotSpot(TM) 64-Bit Server VM (25.144-b01 mixed mode linux-amd64 compressed oops)
Heap:
 PSYoungGen      total 142848K, used 124005K [0x00000000f5580000, 0x00000000ffd00000, 0x0000000100000000)
  eden space 116736K, 100% used [0x00000000f5580000,0x00000000fc780000,0x00000000fc780000)
  from space 26112K, 27% used [0x00000000fc780000,0x00000000fce997c0,0x00000000fe100000)
  to   space 25088K, 56% used [0x00000000fe480000,0x00000000ff268020,0x00000000ffd00000)
 ParOldGen       total 260608K, used 213549K [0x00000000e0000000, 0x00000000efe80000, 0x00000000f5580000)
  object space 260608K, 81% used [0x00000000e0000000,0x00000000ed08b4c0,0x00000000efe80000)
 Metaspace       used 87206K, capacity 92884K, committed 94848K, reserved 1132544K
  class space    used 10788K, capacity 11964K, committed 12416K, reserved 1048576K
GC Heap History (10 events):
Event: 29327.460 GC heap after
Heap after GC invocations=240 (full 11):
 PSYoungGen      total 136704K, used 64K [0x00000000f5580000, 0x00000000ffb80000, 0x0000000100000000)
  eden space 103936K, 0% used [0x00000000f5580000,0x00000000f5580000,0x00000000fbb00000)
  from space 32768K, 0% used [0x00000000fbb00000,0x00000000fbb10000,0x00000000fdb00000)
  to   space 30720K, 0% used [0x00000000fdd80000,0x00000000fdd80000,0x00000000ffb80000)
 ParOldGen       total 260608K, used 207663K [0x00000000e0000000, 0x00000000efe80000, 0x00000000f5580000)
  object space 260608K, 79% used [0x00000000e0000000,0x00000000ecacbd10,0x00000000efe80000)
 Metaspace       used 87188K, capacity 92884K, committed 94848K, reserved 1132544K
  class space    used 10788K, capacity 11964K, committed 12416K, reserved 1048576K
}
Event: 29327.577 GC heap before
{Heap before GC invocations=241 (full 11):
 PSYoungGen      total 136704K, used 104000K [0x00000000f5580000, 0x00000000ffb80000, 0x0000000100000000)
  eden space 103936K, 100% used [0x00000000f5580000,0x00000000fbb00000,0x00000000fbb00000)
  from space 32768K, 0% used [0x00000000fbb00000,0x00000000fbb10000,0x00000000fdb00000)
  to   space 30720K, 0% used [0x00000000fdd80000,0x00000000fdd80000,0x00000000ffb80000)
 ParOldGen       total 260608K, used 207663K [0x00000000e0000000, 0x00000000efe80000, 0x00000000f5580000)
  object space 260608K, 79% used [0x00000000e0000000,0x00000000ecacbd10,0x00000000efe80000)
 Metaspace       used 87188K, capacity 92884K, committed 94848K, reserved 1132544K
  class space    used 10788K, capacity 11964K, committed 12416K, reserved 1048576K
Event: 29327.592 GC heap after
Heap after GC invocations=241 (full 11):
 PSYoungGen      total 140288K, used 64K [0x00000000f5580000, 0x00000000ffb00000, 0x0000000100000000)
  eden space 110080K, 0% used [0x00000000f5580000,0x00000000f5580000,0x00000000fc100000)
  from space 30208K, 0% used [0x00000000fdd80000,0x00000000fdd90000,0x00000000ffb00000)
  to   space 29184K, 0% used [0x00000000fc100000,0x00000000fc100000,0x00000000fdd80000)
 ParOldGen       total 260608K, used 207671K [0x00000000e0000000, 0x00000000efe80000, 0x00000000f5580000)
  object space 260608K, 79% used [0x00000000e0000000,0x00000000ecacdd10,0x00000000efe80000)
 Metaspace       used 87188K, capacity 92884K, committed 94848K, reserved 1132544K
  class space    used 10788K, capacity 11964K, committed 12416K, reserved 1048576K
}
Event: 29327.728 GC heap before
{Heap before GC invocations=242 (full 11):
 PSYoungGen      total 140288K, used 109775K [0x00000000f5580000, 0x00000000ffb00000, 0x0000000100000000)
  eden space 110080K, 99% used [0x00000000f5580000,0x00000000fc0a3ca8,0x00000000fc100000)
  from space 30208K, 0% used [0x00000000fdd80000,0x00000000fdd90000,0x00000000ffb00000)
  to   space 29184K, 0% used [0x00000000fc100000,0x00000000fc100000,0x00000000fdd80000)
 ParOldGen       total 260608K, used 207671K [0x00000000e0000000, 0x00000000efe80000, 0x00000000f5580000)
  object space 260608K, 79% used [0x00000000e0000000,0x00000000ecacdd10,0x00000000efe80000)
 Metaspace       used 87188K, capacity 92884K, committed 94848K, reserved 1132544K
  class space    used 10788K, capacity 11964K, committed 12416K, reserved 1048576K
Event: 29327.750 GC heap after
Heap after GC invocations=242 (full 11):
 PSYoungGen      total 139264K, used 64K [0x00000000f5580000, 0x00000000ffc00000, 0x0000000100000000)
  eden space 110080K, 0% used [0x00000000f5580000,0x00000000f5580000,0x00000000fc100000)
  from space 29184K, 0% used [0x00000000fc100000,0x00000000fc110000,0x00000000fdd80000)
  to   space 27648K, 0% used [0x00000000fe100000,0x00000000fe100000,0x00000000ffc00000)
 ParOldGen       total 260608K, used 207679K [0x00000000e0000000, 0x00000000efe80000, 0x00000000f5580000)
  object space 260608K, 79% used [0x00000000e0000000,0x00000000ecacfd10,0x00000000efe80000)
 Metaspace       used 87188K, capacity 92884K, committed 94848K, reserved 1132544K
  class space    used 10788K, capacity 11964K, committed 12416K, reserved 1048576K
}
Event: 29328.115 GC heap before
{Heap before GC invocations=243 (full 11):
 PSYoungGen      total 139264K, used 109771K [0x00000000f5580000, 0x00000000ffc00000, 0x0000000100000000)
  eden space 110080K, 99% used [0x00000000f5580000,0x00000000fc0a2fb8,0x00000000fc100000)
  from space 29184K, 0% used [0x00000000fc100000,0x00000000fc110000,0x00000000fdd80000)
  to   space 27648K, 0% used [0x00000000fe100000,0x00000000fe100000,0x00000000ffc00000)
 ParOldGen       total 260608K, used 207679K [0x00000000e0000000, 0x00000000efe80000, 0x00000000f5580000)
  object space 260608K, 79% used [0x00000000e0000000,0x00000000ecacfd10,0x00000000efe80000)
 Metaspace       used 87188K, capacity 92884K, committed 94848K, reserved 1132544K
  class space    used 10788K, capacity 11964K, committed 12416K, reserved 1048576K
Event: 29328.142 GC heap after
Heap after GC invocations=243 (full 11):
 PSYoungGen      total 143872K, used 64K [0x00000000f5580000, 0x00000000ffb80000, 0x0000000100000000)
  eden space 116736K, 0% used [0x00000000f5580000,0x00000000f5580000,0x00000000fc780000)
  from space 27136K, 0% used [0x00000000fe100000,0x00000000fe110000,0x00000000ffb80000)
  to   space 26112K, 0% used [0x00000000fc780000,0x00000000fc780000,0x00000000fe100000)
 ParOldGen       total 260608K, used 207687K [0x00000000e0000000, 0x00000000efe80000, 0x00000000f5580000)
  object space 260608K, 79% used [0x00000000e0000000,0x00000000ecad1d10,0x00000000efe80000)
 Metaspace       used 87188K, capacity 92884K, committed 94848K, reserved 1132544K
  class space    used 10788K, capacity 11964K, committed 12416K, reserved 1048576K
}
Event: 30020.206 GC heap before
{Heap before GC invocations=244 (full 11):
 PSYoungGen      total 143872K, used 116800K [0x00000000f5580000, 0x00000000ffb80000, 0x0000000100000000)
  eden space 116736K, 100% used [0x00000000f5580000,0x00000000fc780000,0x00000000fc780000)
  from space 27136K, 0% used [0x00000000fe100000,0x00000000fe110000,0x00000000ffb80000)
  to   space 26112K, 0% used [0x00000000fc780000,0x00000000fc780000,0x00000000fe100000)
 ParOldGen       total 260608K, used 207687K [0x00000000e0000000, 0x00000000efe80000, 0x00000000f5580000)
  object space 260608K, 79% used [0x00000000e0000000,0x00000000ecad1d10,0x00000000efe80000)
 Metaspace       used 87206K, capacity 92884K, committed 94848K, reserved 1132544K
  class space    used 10788K, capacity 11964K, committed 12416K, reserved 1048576K
Event: 30020.384 GC heap after
Heap after GC invocations=244 (full 11):
 PSYoungGen      total 142848K, used 7269K [0x00000000f5580000, 0x00000000ffd00000, 0x0000000100000000)
  eden space 116736K, 0% used [0x00000000f5580000,0x00000000f5580000,0x00000000fc780000)
  from space 26112K, 27% used [0x00000000fc780000,0x00000000fce997c0,0x00000000fe100000)
  to   space 25088K, 0% used [0x00000000fe480000,0x00000000fe480000,0x00000000ffd00000)
 ParOldGen       total 260608K, used 207703K [0x00000000e0000000, 0x00000000efe80000, 0x00000000f5580000)
  object space 260608K, 79% used [0x00000000e0000000,0x00000000ecad5d10,0x00000000efe80000)
 Metaspace       used 87206K, capacity 92884K, committed 94848K, reserved 1132544K
  class space    used 10788K, capacity 11964K, committed 12416K, reserved 1048576K
}
Event: 30028.483 GC heap before
{Heap before GC invocations=245 (full 11):
 PSYoungGen      total 142848K, used 124005K [0x00000000f5580000, 0x00000000ffd00000, 0x0000000100000000)
  eden space 116736K, 100% used [0x00000000f5580000,0x00000000fc780000,0x00000000fc780000)
  from space 26112K, 27% used [0x00000000fc780000,0x00000000fce997c0,0x00000000fe100000)
  to   space 25088K, 0% used [0x00000000fe480000,0x00000000fe480000,0x00000000ffd00000)
 ParOldGen       total 260608K, used 207703K [0x00000000e0000000, 0x00000000efe80000, 0x00000000f5580000)
  object space 260608K, 79% used [0x00000000e0000000,0x00000000ecad5d10,0x00000000efe80000)
 Metaspace       used 87206K, capacity 92884K, committed 94848K, reserved 1132544K
  class space    used 10788K, capacity 11964K, committed 12416K, reserved 1048576K

