# JRE version: Java(TM) SE Runtime Environment (8.0_144-b01) (build 1.8.0_144-b01)
# Java VM: Java HotSpot(TM) 64-Bit Server VM (25.144-b01 mixed mode linux-amd64 compressed oops)
Heap:
 PSYoungGen      total 130048K, used 13804K [0x00000000eab00000, 0x00000000f3b00000, 0x0000000100000000)
  eden space 116224K, 0% used [0x00000000eab00000,0x00000000eab00000,0x00000000f1c80000)
  from space 13824K, 99% used [0x00000000f1c80000,0x00000000f29fb180,0x00000000f2a00000)
  to   space 10240K, 0% used [0x00000000f2a00000,0x00000000f2a00000,0x00000000f3400000)
 ParOldGen       total 39936K, used 28753K [0x00000000c0000000, 0x00000000c2700000, 0x00000000eab00000)
  object space 39936K, 71% used [0x00000000c0000000,0x00000000c1c14790,0x00000000c2700000)
 Metaspace       used 6327K, capacity 7192K, committed 7424K, reserved 1056768K
  class space    used 620K, capacity 656K, committed 768K, reserved 1048576K
GC Heap History (10 events):
Event: 2.635 GC heap after
Heap after GC invocations=4 (full 0):
 PSYoungGen      total 32768K, used 2036K [0x00000000eab00000, 0x00000000ecd00000, 0x0000000100000000)
  eden space 30720K, 0% used [0x00000000eab00000,0x00000000eab00000,0x00000000ec900000)
  from space 2048K, 99% used [0x00000000ecb00000,0x00000000eccfd288,0x00000000ecd00000)
  to   space 2048K, 0% used [0x00000000ec900000,0x00000000ec900000,0x00000000ecb00000)
 ParOldGen       total 39936K, used 1174K [0x00000000c0000000, 0x00000000c2700000, 0x00000000eab00000)
  object space 39936K, 2% used [0x00000000c0000000,0x00000000c0125820,0x00000000c2700000)
 Metaspace       used 3519K, capacity 4784K, committed 5120K, reserved 1056768K
  class space    used 377K, capacity 424K, committed 512K, reserved 1048576K
}
Event: 2.739 GC heap before
{Heap before GC invocations=5 (full 0):
 PSYoungGen      total 32768K, used 32756K [0x00000000eab00000, 0x00000000ecd00000, 0x0000000100000000)
  eden space 30720K, 100% used [0x00000000eab00000,0x00000000ec900000,0x00000000ec900000)
  from space 2048K, 99% used [0x00000000ecb00000,0x00000000eccfd288,0x00000000ecd00000)
  to   space 2048K, 0% used [0x00000000ec900000,0x00000000ec900000,0x00000000ecb00000)
 ParOldGen       total 39936K, used 1174K [0x00000000c0000000, 0x00000000c2700000, 0x00000000eab00000)
  object space 39936K, 2% used [0x00000000c0000000,0x00000000c0125820,0x00000000c2700000)
 Metaspace       used 3520K, capacity 4784K, committed 5120K, reserved 1056768K
  class space    used 377K, capacity 424K, committed 512K, reserved 1048576K
Event: 2.746 GC heap after
Heap after GC invocations=5 (full 0):
 PSYoungGen      total 32768K, used 2020K [0x00000000eab00000, 0x00000000eee00000, 0x0000000100000000)
  eden space 30720K, 0% used [0x00000000eab00000,0x00000000eab00000,0x00000000ec900000)
  from space 2048K, 98% used [0x00000000ec900000,0x00000000ecaf9298,0x00000000ecb00000)
  to   space 3584K, 0% used [0x00000000eea80000,0x00000000eea80000,0x00000000eee00000)
 ParOldGen       total 39936K, used 1174K [0x00000000c0000000, 0x00000000c2700000, 0x00000000eab00000)
  object space 39936K, 2% used [0x00000000c0000000,0x00000000c0125820,0x00000000c2700000)
 Metaspace       used 3520K, capacity 4784K, committed 5120K, reserved 1056768K
  class space    used 377K, capacity 424K, committed 512K, reserved 1048576K
}
Event: 4.021 GC heap before
{Heap before GC invocations=6 (full 0):
 PSYoungGen      total 32768K, used 32740K [0x00000000eab00000, 0x00000000eee00000, 0x0000000100000000)
  eden space 30720K, 100% used [0x00000000eab00000,0x00000000ec900000,0x00000000ec900000)
  from space 2048K, 98% used [0x00000000ec900000,0x00000000ecaf9298,0x00000000ecb00000)
  to   space 3584K, 0% used [0x00000000eea80000,0x00000000eea80000,0x00000000eee00000)
 ParOldGen       total 39936K, used 1174K [0x00000000c0000000, 0x00000000c2700000, 0x00000000eab00000)
  object space 39936K, 2% used [0x00000000c0000000,0x00000000c0125820,0x00000000c2700000)
 Metaspace       used 5482K, capacity 6512K, committed 6784K, reserved 1056768K
  class space    used 593K, capacity 616K, committed 640K, reserved 1048576K
Event: 4.040 GC heap after
Heap after GC invocations=6 (full 0):
 PSYoungGen      total 63488K, used 3574K [0x00000000eab00000, 0x00000000ef100000, 0x0000000100000000)
  eden space 59904K, 0% used [0x00000000eab00000,0x00000000eab00000,0x00000000ee580000)
  from space 3584K, 99% used [0x00000000eea80000,0x00000000eedfd970,0x00000000eee00000)
  to   space 5120K, 0% used [0x00000000ee580000,0x00000000ee580000,0x00000000eea80000)
 ParOldGen       total 39936K, used 2894K [0x00000000c0000000, 0x00000000c2700000, 0x00000000eab00000)
  object space 39936K, 7% used [0x00000000c0000000,0x00000000c02d3b78,0x00000000c2700000)
 Metaspace       used 5482K, capacity 6512K, committed 6784K, reserved 1056768K
  class space    used 593K, capacity 616K, committed 640K, reserved 1048576K
}
Event: 7.334 GC heap before
{Heap before GC invocations=7 (full 0):
 PSYoungGen      total 63488K, used 63478K [0x00000000eab00000, 0x00000000ef100000, 0x0000000100000000)
  eden space 59904K, 100% used [0x00000000eab00000,0x00000000ee580000,0x00000000ee580000)
  from space 3584K, 99% used [0x00000000eea80000,0x00000000eedfd970,0x00000000eee00000)
  to   space 5120K, 0% used [0x00000000ee580000,0x00000000ee580000,0x00000000eea80000)
 ParOldGen       total 39936K, used 2894K [0x00000000c0000000, 0x00000000c2700000, 0x00000000eab00000)
  object space 39936K, 7% used [0x00000000c0000000,0x00000000c02d3b78,0x00000000c2700000)
 Metaspace       used 5970K, capacity 6896K, committed 7040K, reserved 1056768K
  class space    used 600K, capacity 616K, committed 640K, reserved 1048576K
Event: 7.427 GC heap after
Heap after GC invocations=7 (full 0):
 PSYoungGen      total 65024K, used 5102K [0x00000000eab00000, 0x00000000f3400000, 0x0000000100000000)
  eden space 59904K, 0% used [0x00000000eab00000,0x00000000eab00000,0x00000000ee580000)
  from space 5120K, 99% used [0x00000000ee580000,0x00000000eea7b940,0x00000000eea80000)
  to   space 10240K, 0% used [0x00000000f2a00000,0x00000000f2a00000,0x00000000f3400000)
 ParOldGen       total 39936K, used 11222K [0x00000000c0000000, 0x00000000c2700000, 0x00000000eab00000)
  object space 39936K, 28% used [0x00000000c0000000,0x00000000c0af5ae0,0x00000000c2700000)
 Metaspace       used 5970K, capacity 6896K, committed 7040K, reserved 1056768K
  class space    used 600K, capacity 616K, committed 640K, reserved 1048576K
}
Event: 8.860 GC heap before
{Heap before GC invocations=8 (full 0):
 PSYoungGen      total 65024K, used 65006K [0x00000000eab00000, 0x00000000f3400000, 0x0000000100000000)
  eden space 59904K, 100% used [0x00000000eab00000,0x00000000ee580000,0x00000000ee580000)
  from space 5120K, 99% used [0x00000000ee580000,0x00000000eea7b940,0x00000000eea80000)
  to   space 10240K, 0% used [0x00000000f2a00000,0x00000000f2a00000,0x00000000f3400000)
 ParOldGen       total 39936K, used 11222K [0x00000000c0000000, 0x00000000c2700000, 0x00000000eab00000)
  object space 39936K, 28% used [0x00000000c0000000,0x00000000c0af5ae0,0x00000000c2700000)
 Metaspace       used 6031K, capacity 6960K, committed 7040K, reserved 1056768K
  class space    used 600K, capacity 616K, committed 640K, reserved 1048576K
Event: 8.937 GC heap after
Heap after GC invocations=8 (full 0):
 PSYoungGen      total 126464K, used 10212K [0x00000000eab00000, 0x00000000f3b00000, 0x0000000100000000)
  eden space 116224K, 0% used [0x00000000eab00000,0x00000000eab00000,0x00000000f1c80000)
  from space 10240K, 99% used [0x00000000f2a00000,0x00000000f33f93c8,0x00000000f3400000)
  to   space 13824K, 0% used [0x00000000f1c80000,0x00000000f1c80000,0x00000000f2a00000)
 ParOldGen       total 39936K, used 15247K [0x00000000c0000000, 0x00000000c2700000, 0x00000000eab00000)
  object space 39936K, 38% used [0x00000000c0000000,0x00000000c0ee3ee0,0x00000000c2700000)
 Metaspace       used 6031K, capacity 6960K, committed 7040K, reserved 1056768K
  class space    used 600K, capacity 616K, committed 640K, reserved 1048576K
}
Event: 12.095 GC heap before
{Heap before GC invocations=9 (full 0):
 PSYoungGen      total 126464K, used 126436K [0x00000000eab00000, 0x00000000f3b00000, 0x0000000100000000)
  eden space 116224K, 100% used [0x00000000eab00000,0x00000000f1c80000,0x00000000f1c80000)
  from space 10240K, 99% used [0x00000000f2a00000,0x00000000f33f93c8,0x00000000f3400000)
  to   space 13824K, 0% used [0x00000000f1c80000,0x00000000f1c80000,0x00000000f2a00000)
 ParOldGen       total 39936K, used 15247K [0x00000000c0000000, 0x00000000c2700000, 0x00000000eab00000)
  object space 39936K, 38% used [0x00000000c0000000,0x00000000c0ee3ee0,0x00000000c2700000)
 Metaspace       used 6327K, capacity 7192K, committed 7424K, reserved 1056768K
  class space    used 620K, capacity 656K, committed 768K, reserved 1048576K

