# JRE version: Java(TM) SE Runtime Environment (8.0_144-b01) (build 1.8.0_144-b01)
# Java VM: Java HotSpot(TM) 64-Bit Server VM (25.144-b01 mixed mode linux-amd64 compressed oops)
Heap:
 PSYoungGen      total 273920K, used 7537K [0x00000000eab00000, 0x0000000100000000, 0x0000000100000000)
  eden space 237568K, 0% used [0x00000000eab00000,0x00000000eab00000,0x00000000f9300000)
  from space 36352K, 20% used [0x00000000f9300000,0x00000000f9a5c7f0,0x00000000fb680000)
  to   space 58368K, 0% used [0x00000000fc700000,0x00000000fc700000,0x0000000100000000)
 ParOldGen       total 139264K, used 139114K [0x00000000c0000000, 0x00000000c8800000, 0x00000000eab00000)
  object space 139264K, 99% used [0x00000000c0000000,0x00000000c87daad8,0x00000000c8800000)
 Metaspace       used 6551K, capacity 7320K, committed 7680K, reserved 1056768K
  class space    used 623K, capacity 656K, committed 768K, reserved 1048576K
GC Heap History (10 events):
Event: 13.275 GC heap after
Heap after GC invocations=9 (full 1):
 PSYoungGen      total 254464K, used 13191K [0x00000000eab00000, 0x00000000fce00000, 0x0000000100000000)
  eden space 232448K, 0% used [0x00000000eab00000,0x00000000eab00000,0x00000000f8e00000)
  from space 22016K, 59% used [0x00000000faa80000,0x00000000fb761e18,0x00000000fc000000)
  to   space 29184K, 0% used [0x00000000f8e00000,0x00000000f8e00000,0x00000000faa80000)
 ParOldGen       total 76800K, used 39837K [0x00000000c0000000, 0x00000000c4b00000, 0x00000000eab00000)
  object space 76800K, 51% used [0x00000000c0000000,0x00000000c26e7558,0x00000000c4b00000)
 Metaspace       used 6388K, capacity 7256K, committed 7424K, reserved 1056768K
  class space    used 622K, capacity 656K, committed 768K, reserved 1048576K
}
Event: 16.862 GC heap before
{Heap before GC invocations=10 (full 1):
 PSYoungGen      total 254464K, used 245639K [0x00000000eab00000, 0x00000000fce00000, 0x0000000100000000)
  eden space 232448K, 100% used [0x00000000eab00000,0x00000000f8e00000,0x00000000f8e00000)
  from space 22016K, 59% used [0x00000000faa80000,0x00000000fb761e18,0x00000000fc000000)
  to   space 29184K, 0% used [0x00000000f8e00000,0x00000000f8e00000,0x00000000faa80000)
 ParOldGen       total 76800K, used 39837K [0x00000000c0000000, 0x00000000c4b00000, 0x00000000eab00000)
  object space 76800K, 51% used [0x00000000c0000000,0x00000000c26e7558,0x00000000c4b00000)
 Metaspace       used 6510K, capacity 7320K, committed 7680K, reserved 1056768K
  class space    used 622K, capacity 656K, committed 768K, reserved 1048576K
Event: 17.127 GC heap after
Heap after GC invocations=10 (full 1):
 PSYoungGen      total 261632K, used 29183K [0x00000000eab00000, 0x0000000100000000, 0x0000000100000000)
  eden space 232448K, 0% used [0x00000000eab00000,0x00000000eab00000,0x00000000f8e00000)
  from space 29184K, 99% used [0x00000000f8e00000,0x00000000faa7fed8,0x00000000faa80000)
  to   space 41472K, 0% used [0x00000000fd780000,0x00000000fd780000,0x0000000100000000)
 ParOldGen       total 76800K, used 56315K [0x00000000c0000000, 0x00000000c4b00000, 0x00000000eab00000)
  object space 76800K, 73% used [0x00000000c0000000,0x00000000c36feeb0,0x00000000c4b00000)
 Metaspace       used 6510K, capacity 7320K, committed 7680K, reserved 1056768K
  class space    used 622K, capacity 656K, committed 768K, reserved 1048576K
}
Event: 20.695 GC heap before
{Heap before GC invocations=11 (full 1):
 PSYoungGen      total 261632K, used 261631K [0x00000000eab00000, 0x0000000100000000, 0x0000000100000000)
  eden space 232448K, 100% used [0x00000000eab00000,0x00000000f8e00000,0x00000000f8e00000)
  from space 29184K, 99% used [0x00000000f8e00000,0x00000000faa7fed8,0x00000000faa80000)
  to   space 41472K, 0% used [0x00000000fd780000,0x00000000fd780000,0x0000000100000000)
 ParOldGen       total 76800K, used 56315K [0x00000000c0000000, 0x00000000c4b00000, 0x00000000eab00000)
  object space 76800K, 73% used [0x00000000c0000000,0x00000000c36feeb0,0x00000000c4b00000)
 Metaspace       used 6542K, capacity 7320K, committed 7680K, reserved 1056768K
  class space    used 623K, capacity 656K, committed 768K, reserved 1048576K
Event: 21.049 GC heap after
Heap after GC invocations=11 (full 1):
 PSYoungGen      total 279040K, used 41440K [0x00000000eab00000, 0x0000000100000000, 0x0000000100000000)
  eden space 237568K, 0% used [0x00000000eab00000,0x00000000eab00000,0x00000000f9300000)
  from space 41472K, 99% used [0x00000000fd780000,0x00000000ffff8308,0x0000000100000000)
  to   space 55808K, 0% used [0x00000000f9300000,0x00000000f9300000,0x00000000fc980000)
 ParOldGen       total 76800K, used 75774K [0x00000000c0000000, 0x00000000c4b00000, 0x00000000eab00000)
  object space 76800K, 98% used [0x00000000c0000000,0x00000000c49ff830,0x00000000c4b00000)
 Metaspace       used 6542K, capacity 7320K, committed 7680K, reserved 1056768K
  class space    used 623K, capacity 656K, committed 768K, reserved 1048576K
}
Event: 21.049 GC heap before
{Heap before GC invocations=12 (full 2):
 PSYoungGen      total 279040K, used 41440K [0x00000000eab00000, 0x0000000100000000, 0x0000000100000000)
  eden space 237568K, 0% used [0x00000000eab00000,0x00000000eab00000,0x00000000f9300000)
  from space 41472K, 99% used [0x00000000fd780000,0x00000000ffff8308,0x0000000100000000)
  to   space 55808K, 0% used [0x00000000f9300000,0x00000000f9300000,0x00000000fc980000)
 ParOldGen       total 76800K, used 75774K [0x00000000c0000000, 0x00000000c4b00000, 0x00000000eab00000)
  object space 76800K, 98% used [0x00000000c0000000,0x00000000c49ff830,0x00000000c4b00000)
 Metaspace       used 6542K, capacity 7320K, committed 7680K, reserved 1056768K
  class space    used 623K, capacity 656K, committed 768K, reserved 1048576K
Event: 22.983 GC heap after
Heap after GC invocations=12 (full 2):
 PSYoungGen      total 279040K, used 35627K [0x00000000eab00000, 0x0000000100000000, 0x0000000100000000)
  eden space 237568K, 0% used [0x00000000eab00000,0x00000000eab00000,0x00000000f9300000)
  from space 41472K, 85% used [0x00000000fd780000,0x00000000ffa4aeb0,0x0000000100000000)
  to   space 55808K, 0% used [0x00000000f9300000,0x00000000f9300000,0x00000000fc980000)
 ParOldGen       total 139264K, used 76606K [0x00000000c0000000, 0x00000000c8800000, 0x00000000eab00000)
  object space 139264K, 55% used [0x00000000c0000000,0x00000000c4acfa90,0x00000000c8800000)
 Metaspace       used 6542K, capacity 7320K, committed 7680K, reserved 1056768K
  class space    used 623K, capacity 656K, committed 768K, reserved 1048576K
}
Event: 27.154 GC heap before
{Heap before GC invocations=13 (full 2):
 PSYoungGen      total 279040K, used 273195K [0x00000000eab00000, 0x0000000100000000, 0x0000000100000000)
  eden space 237568K, 100% used [0x00000000eab00000,0x00000000f9300000,0x00000000f9300000)
  from space 41472K, 85% used [0x00000000fd780000,0x00000000ffa4aeb0,0x0000000100000000)
  to   space 55808K, 0% used [0x00000000f9300000,0x00000000f9300000,0x00000000fc980000)
 ParOldGen       total 139264K, used 76606K [0x00000000c0000000, 0x00000000c8800000, 0x00000000eab00000)
  object space 139264K, 55% used [0x00000000c0000000,0x00000000c4acfa90,0x00000000c8800000)
 Metaspace       used 6551K, capacity 7320K, committed 7680K, reserved 1056768K
  class space    used 623K, capacity 656K, committed 768K, reserved 1048576K
Event: 27.568 GC heap after
Heap after GC invocations=13 (full 2):
 PSYoungGen      total 273920K, used 35856K [0x00000000eab00000, 0x0000000100000000, 0x0000000100000000)
  eden space 237568K, 0% used [0x00000000eab00000,0x00000000eab00000,0x00000000f9300000)
  from space 36352K, 98% used [0x00000000f9300000,0x00000000fb604310,0x00000000fb680000)
  to   space 58368K, 0% used [0x00000000fc700000,0x00000000fc700000,0x0000000100000000)
 ParOldGen       total 139264K, used 112439K [0x00000000c0000000, 0x00000000c8800000, 0x00000000eab00000)
  object space 139264K, 80% used [0x00000000c0000000,0x00000000c6dcdd18,0x00000000c8800000)
 Metaspace       used 6551K, capacity 7320K, committed 7680K, reserved 1056768K
  class space    used 623K, capacity 656K, committed 768K, reserved 1048576K
}
Event: 27.568 GC heap before
{Heap before GC invocations=14 (full 3):
 PSYoungGen      total 273920K, used 35856K [0x00000000eab00000, 0x0000000100000000, 0x0000000100000000)
  eden space 237568K, 0% used [0x00000000eab00000,0x00000000eab00000,0x00000000f9300000)
  from space 36352K, 98% used [0x00000000f9300000,0x00000000fb604310,0x00000000fb680000)
  to   space 58368K, 0% used [0x00000000fc700000,0x00000000fc700000,0x0000000100000000)
 ParOldGen       total 139264K, used 112439K [0x00000000c0000000, 0x00000000c8800000, 0x00000000eab00000)
  object space 139264K, 80% used [0x00000000c0000000,0x00000000c6dcdd18,0x00000000c8800000)
 Metaspace       used 6551K, capacity 7320K, committed 7680K, reserved 1056768K
  class space    used 623K, capacity 656K, committed 768K, reserved 1048576K

