# JRE version: Java(TM) SE Runtime Environment (8.0_144-b01) (build 1.8.0_144-b01)
# Java VM: Java HotSpot(TM) 64-Bit Server VM (25.144-b01 mixed mode linux-amd64 compressed oops)
Heap:
 PSYoungGen      total 273408K, used 11332K [0x00000000eab00000, 0x0000000100000000, 0x0000000100000000)
  eden space 236544K, 0% used [0x00000000eab00000,0x00000000eab00000,0x00000000f9200000)
  from space 36864K, 30% used [0x00000000f9200000,0x00000000f9d110a8,0x00000000fb600000)
  to   space 58880K, 0% used [0x00000000fc680000,0x00000000fc680000,0x0000000100000000)
 ParOldGen       total 137216K, used 136879K [0x00000000c0000000, 0x00000000c8600000, 0x00000000eab00000)
  object space 137216K, 99% used [0x00000000c0000000,0x00000000c85abc90,0x00000000c8600000)
 Metaspace       used 6536K, capacity 7320K, committed 7680K, reserved 1056768K
  class space    used 621K, capacity 656K, committed 768K, reserved 1048576K
GC Heap History (10 events):
Event: 13.953 GC heap after
Heap after GC invocations=9 (full 1):
 PSYoungGen      total 254464K, used 14292K [0x00000000eab00000, 0x00000000fce00000, 0x0000000100000000)
  eden space 232448K, 0% used [0x00000000eab00000,0x00000000eab00000,0x00000000f8e00000)
  from space 22016K, 64% used [0x00000000faa80000,0x00000000fb875258,0x00000000fc000000)
  to   space 29184K, 0% used [0x00000000f8e00000,0x00000000f8e00000,0x00000000faa80000)
 ParOldGen       total 75776K, used 39476K [0x00000000c0000000, 0x00000000c4a00000, 0x00000000eab00000)
  object space 75776K, 52% used [0x00000000c0000000,0x00000000c268d290,0x00000000c4a00000)
 Metaspace       used 6390K, capacity 7256K, committed 7424K, reserved 1056768K
  class space    used 620K, capacity 656K, committed 768K, reserved 1048576K
}
Event: 17.793 GC heap before
{Heap before GC invocations=10 (full 1):
 PSYoungGen      total 254464K, used 246740K [0x00000000eab00000, 0x00000000fce00000, 0x0000000100000000)
  eden space 232448K, 100% used [0x00000000eab00000,0x00000000f8e00000,0x00000000f8e00000)
  from space 22016K, 64% used [0x00000000faa80000,0x00000000fb875258,0x00000000fc000000)
  to   space 29184K, 0% used [0x00000000f8e00000,0x00000000f8e00000,0x00000000faa80000)
 ParOldGen       total 75776K, used 39476K [0x00000000c0000000, 0x00000000c4a00000, 0x00000000eab00000)
  object space 75776K, 52% used [0x00000000c0000000,0x00000000c268d290,0x00000000c4a00000)
 Metaspace       used 6501K, capacity 7320K, committed 7680K, reserved 1056768K
  class space    used 620K, capacity 656K, committed 768K, reserved 1048576K
Event: 18.146 GC heap after
Heap after GC invocations=10 (full 1):
 PSYoungGen      total 261632K, used 29180K [0x00000000eab00000, 0x0000000100000000, 0x0000000100000000)
  eden space 232448K, 0% used [0x00000000eab00000,0x00000000eab00000,0x00000000f8e00000)
  from space 29184K, 99% used [0x00000000f8e00000,0x00000000faa7f3c0,0x00000000faa80000)
  to   space 41472K, 0% used [0x00000000fd780000,0x00000000fd780000,0x0000000100000000)
 ParOldGen       total 75776K, used 56705K [0x00000000c0000000, 0x00000000c4a00000, 0x00000000eab00000)
  object space 75776K, 74% used [0x00000000c0000000,0x00000000c3760650,0x00000000c4a00000)
 Metaspace       used 6501K, capacity 7320K, committed 7680K, reserved 1056768K
  class space    used 620K, capacity 656K, committed 768K, reserved 1048576K
}
Event: 22.007 GC heap before
{Heap before GC invocations=11 (full 1):
 PSYoungGen      total 261632K, used 261628K [0x00000000eab00000, 0x0000000100000000, 0x0000000100000000)
  eden space 232448K, 100% used [0x00000000eab00000,0x00000000f8e00000,0x00000000f8e00000)
  from space 29184K, 99% used [0x00000000f8e00000,0x00000000faa7f3c0,0x00000000faa80000)
  to   space 41472K, 0% used [0x00000000fd780000,0x00000000fd780000,0x0000000100000000)
 ParOldGen       total 75776K, used 56705K [0x00000000c0000000, 0x00000000c4a00000, 0x00000000eab00000)
  object space 75776K, 74% used [0x00000000c0000000,0x00000000c3760650,0x00000000c4a00000)
 Metaspace       used 6519K, capacity 7320K, committed 7680K, reserved 1056768K
  class space    used 621K, capacity 656K, committed 768K, reserved 1048576K
Event: 22.434 GC heap after
Heap after GC invocations=11 (full 1):
 PSYoungGen      total 278016K, used 41466K [0x00000000eab00000, 0x0000000100000000, 0x0000000100000000)
  eden space 236544K, 0% used [0x00000000eab00000,0x00000000eab00000,0x00000000f9200000)
  from space 41472K, 99% used [0x00000000fd780000,0x00000000ffffe948,0x0000000100000000)
  to   space 56320K, 0% used [0x00000000f9200000,0x00000000f9200000,0x00000000fc900000)
 ParOldGen       total 76800K, used 76742K [0x00000000c0000000, 0x00000000c4b00000, 0x00000000eab00000)
  object space 76800K, 99% used [0x00000000c0000000,0x00000000c4af1aa8,0x00000000c4b00000)
 Metaspace       used 6519K, capacity 7320K, committed 7680K, reserved 1056768K
  class space    used 621K, capacity 656K, committed 768K, reserved 1048576K
}
Event: 22.435 GC heap before
{Heap before GC invocations=12 (full 2):
 PSYoungGen      total 278016K, used 41466K [0x00000000eab00000, 0x0000000100000000, 0x0000000100000000)
  eden space 236544K, 0% used [0x00000000eab00000,0x00000000eab00000,0x00000000f9200000)
  from space 41472K, 99% used [0x00000000fd780000,0x00000000ffffe948,0x0000000100000000)
  to   space 56320K, 0% used [0x00000000f9200000,0x00000000f9200000,0x00000000fc900000)
 ParOldGen       total 76800K, used 76742K [0x00000000c0000000, 0x00000000c4b00000, 0x00000000eab00000)
  object space 76800K, 99% used [0x00000000c0000000,0x00000000c4af1aa8,0x00000000c4b00000)
 Metaspace       used 6519K, capacity 7320K, committed 7680K, reserved 1056768K
  class space    used 621K, capacity 656K, committed 768K, reserved 1048576K
Event: 24.084 GC heap after
Heap after GC invocations=12 (full 2):
 PSYoungGen      total 278016K, used 36531K [0x00000000eab00000, 0x0000000100000000, 0x0000000100000000)
  eden space 236544K, 0% used [0x00000000eab00000,0x00000000eab00000,0x00000000f9200000)
  from space 41472K, 88% used [0x00000000fd780000,0x00000000ffb2cdb0,0x0000000100000000)
  to   space 56320K, 0% used [0x00000000f9200000,0x00000000f9200000,0x00000000fc900000)
 ParOldGen       total 137216K, used 76502K [0x00000000c0000000, 0x00000000c8600000, 0x00000000eab00000)
  object space 137216K, 55% used [0x00000000c0000000,0x00000000c4ab5ad8,0x00000000c8600000)
 Metaspace       used 6519K, capacity 7320K, committed 7680K, reserved 1056768K
  class space    used 621K, capacity 656K, committed 768K, reserved 1048576K
}
Event: 28.317 GC heap before
{Heap before GC invocations=13 (full 2):
 PSYoungGen      total 278016K, used 273075K [0x00000000eab00000, 0x0000000100000000, 0x0000000100000000)
  eden space 236544K, 100% used [0x00000000eab00000,0x00000000f9200000,0x00000000f9200000)
  from space 41472K, 88% used [0x00000000fd780000,0x00000000ffb2cdb0,0x0000000100000000)
  to   space 56320K, 0% used [0x00000000f9200000,0x00000000f9200000,0x00000000fc900000)
 ParOldGen       total 137216K, used 76502K [0x00000000c0000000, 0x00000000c8600000, 0x00000000eab00000)
  object space 137216K, 55% used [0x00000000c0000000,0x00000000c4ab5ad8,0x00000000c8600000)
 Metaspace       used 6536K, capacity 7320K, committed 7680K, reserved 1056768K
  class space    used 621K, capacity 656K, committed 768K, reserved 1048576K
Event: 28.746 GC heap after
Heap after GC invocations=13 (full 2):
 PSYoungGen      total 273408K, used 36565K [0x00000000eab00000, 0x0000000100000000, 0x0000000100000000)
  eden space 236544K, 0% used [0x00000000eab00000,0x00000000eab00000,0x00000000f9200000)
  from space 36864K, 99% used [0x00000000f9200000,0x00000000fb5b56b8,0x00000000fb600000)
  to   space 58880K, 0% used [0x00000000fc680000,0x00000000fc680000,0x0000000100000000)
 ParOldGen       total 137216K, used 113339K [0x00000000c0000000, 0x00000000c8600000, 0x00000000eab00000)
  object space 137216K, 82% used [0x00000000c0000000,0x00000000c6eaed40,0x00000000c8600000)
 Metaspace       used 6536K, capacity 7320K, committed 7680K, reserved 1056768K
  class space    used 621K, capacity 656K, committed 768K, reserved 1048576K
}
Event: 28.746 GC heap before
{Heap before GC invocations=14 (full 3):
 PSYoungGen      total 273408K, used 36565K [0x00000000eab00000, 0x0000000100000000, 0x0000000100000000)
  eden space 236544K, 0% used [0x00000000eab00000,0x00000000eab00000,0x00000000f9200000)
  from space 36864K, 99% used [0x00000000f9200000,0x00000000fb5b56b8,0x00000000fb600000)
  to   space 58880K, 0% used [0x00000000fc680000,0x00000000fc680000,0x0000000100000000)
 ParOldGen       total 137216K, used 113339K [0x00000000c0000000, 0x00000000c8600000, 0x00000000eab00000)
  object space 137216K, 82% used [0x00000000c0000000,0x00000000c6eaed40,0x00000000c8600000)
 Metaspace       used 6536K, capacity 7320K, committed 7680K, reserved 1056768K
  class space    used 621K, capacity 656K, committed 768K, reserved 1048576K

