# JRE version: Java(TM) SE Runtime Environment (8.0_144-b01) (build 1.8.0_144-b01)
# Java VM: Java HotSpot(TM) 64-Bit Server VM (25.144-b01 mixed mode linux-amd64 compressed oops)
Heap:
 PSYoungGen      total 274944K, used 7678K [0x00000000eab00000, 0x0000000100000000, 0x0000000100000000)
  eden space 238592K, 0% used [0x00000000eab00000,0x00000000eab00000,0x00000000f9400000)
  from space 36352K, 21% used [0x00000000f9400000,0x00000000f9b7fb38,0x00000000fb780000)
  to   space 58368K, 0% used [0x00000000fc700000,0x00000000fc700000,0x0000000100000000)
 ParOldGen       total 138240K, used 138111K [0x00000000c0000000, 0x00000000c8700000, 0x00000000eab00000)
  object space 138240K, 99% used [0x00000000c0000000,0x00000000c86dfc80,0x00000000c8700000)
 Metaspace       used 6561K, capacity 7320K, committed 7680K, reserved 1056768K
  class space    used 622K, capacity 656K, committed 768K, reserved 1048576K
GC Heap History (10 events):
Event: 12.873 GC heap after
Heap after GC invocations=9 (full 1):
 PSYoungGen      total 251904K, used 13201K [0x00000000eab00000, 0x00000000fcc00000, 0x0000000100000000)
  eden space 230912K, 0% used [0x00000000eab00000,0x00000000eab00000,0x00000000f8c80000)
  from space 20992K, 62% used [0x00000000fa880000,0x00000000fb564708,0x00000000fbd00000)
  to   space 28672K, 0% used [0x00000000f8c80000,0x00000000f8c80000,0x00000000fa880000)
 ParOldGen       total 76800K, used 39503K [0x00000000c0000000, 0x00000000c4b00000, 0x00000000eab00000)
  object space 76800K, 51% used [0x00000000c0000000,0x00000000c2693d90,0x00000000c4b00000)
 Metaspace       used 6361K, capacity 7256K, committed 7424K, reserved 1056768K
  class space    used 620K, capacity 656K, committed 768K, reserved 1048576K
}
Event: 16.689 GC heap before
{Heap before GC invocations=10 (full 1):
 PSYoungGen      total 251904K, used 244113K [0x00000000eab00000, 0x00000000fcc00000, 0x0000000100000000)
  eden space 230912K, 100% used [0x00000000eab00000,0x00000000f8c80000,0x00000000f8c80000)
  from space 20992K, 62% used [0x00000000fa880000,0x00000000fb564708,0x00000000fbd00000)
  to   space 28672K, 0% used [0x00000000f8c80000,0x00000000f8c80000,0x00000000fa880000)
 ParOldGen       total 76800K, used 39503K [0x00000000c0000000, 0x00000000c4b00000, 0x00000000eab00000)
  object space 76800K, 51% used [0x00000000c0000000,0x00000000c2693d90,0x00000000c4b00000)
 Metaspace       used 6488K, capacity 7320K, committed 7680K, reserved 1056768K
  class space    used 620K, capacity 656K, committed 768K, reserved 1048576K
Event: 16.959 GC heap after
Heap after GC invocations=10 (full 1):
 PSYoungGen      total 259584K, used 28657K [0x00000000eab00000, 0x0000000100000000, 0x0000000100000000)
  eden space 230912K, 0% used [0x00000000eab00000,0x00000000eab00000,0x00000000f8c80000)
  from space 28672K, 99% used [0x00000000f8c80000,0x00000000fa87c668,0x00000000fa880000)
  to   space 40960K, 0% used [0x00000000fd800000,0x00000000fd800000,0x0000000100000000)
 ParOldGen       total 76800K, used 56078K [0x00000000c0000000, 0x00000000c4b00000, 0x00000000eab00000)
  object space 76800K, 73% used [0x00000000c0000000,0x00000000c36c3ac8,0x00000000c4b00000)
 Metaspace       used 6488K, capacity 7320K, committed 7680K, reserved 1056768K
  class space    used 620K, capacity 656K, committed 768K, reserved 1048576K
}
Event: 20.444 GC heap before
{Heap before GC invocations=11 (full 1):
 PSYoungGen      total 259584K, used 259569K [0x00000000eab00000, 0x0000000100000000, 0x0000000100000000)
  eden space 230912K, 100% used [0x00000000eab00000,0x00000000f8c80000,0x00000000f8c80000)
  from space 28672K, 99% used [0x00000000f8c80000,0x00000000fa87c668,0x00000000fa880000)
  to   space 40960K, 0% used [0x00000000fd800000,0x00000000fd800000,0x0000000100000000)
 ParOldGen       total 76800K, used 56078K [0x00000000c0000000, 0x00000000c4b00000, 0x00000000eab00000)
  object space 76800K, 73% used [0x00000000c0000000,0x00000000c36c3ac8,0x00000000c4b00000)
 Metaspace       used 6516K, capacity 7320K, committed 7680K, reserved 1056768K
  class space    used 621K, capacity 656K, committed 768K, reserved 1048576K
Event: 20.796 GC heap after
Heap after GC invocations=11 (full 1):
 PSYoungGen      total 279552K, used 40946K [0x00000000eab00000, 0x0000000100000000, 0x0000000100000000)
  eden space 238592K, 0% used [0x00000000eab00000,0x00000000eab00000,0x00000000f9400000)
  from space 40960K, 99% used [0x00000000fd800000,0x00000000ffffca88,0x0000000100000000)
  to   space 55296K, 0% used [0x00000000f9400000,0x00000000f9400000,0x00000000fca00000)
 ParOldGen       total 76800K, used 75900K [0x00000000c0000000, 0x00000000c4b00000, 0x00000000eab00000)
  object space 76800K, 98% used [0x00000000c0000000,0x00000000c4a1f020,0x00000000c4b00000)
 Metaspace       used 6516K, capacity 7320K, committed 7680K, reserved 1056768K
  class space    used 621K, capacity 656K, committed 768K, reserved 1048576K
}
Event: 20.796 GC heap before
{Heap before GC invocations=12 (full 2):
 PSYoungGen      total 279552K, used 40946K [0x00000000eab00000, 0x0000000100000000, 0x0000000100000000)
  eden space 238592K, 0% used [0x00000000eab00000,0x00000000eab00000,0x00000000f9400000)
  from space 40960K, 99% used [0x00000000fd800000,0x00000000ffffca88,0x0000000100000000)
  to   space 55296K, 0% used [0x00000000f9400000,0x00000000f9400000,0x00000000fca00000)
 ParOldGen       total 76800K, used 75900K [0x00000000c0000000, 0x00000000c4b00000, 0x00000000eab00000)
  object space 76800K, 98% used [0x00000000c0000000,0x00000000c4a1f020,0x00000000c4b00000)
 Metaspace       used 6516K, capacity 7320K, committed 7680K, reserved 1056768K
  class space    used 621K, capacity 656K, committed 768K, reserved 1048576K
Event: 22.557 GC heap after
Heap after GC invocations=12 (full 2):
 PSYoungGen      total 279552K, used 34861K [0x00000000eab00000, 0x0000000100000000, 0x0000000100000000)
  eden space 238592K, 0% used [0x00000000eab00000,0x00000000eab00000,0x00000000f9400000)
  from space 40960K, 85% used [0x00000000fd800000,0x00000000ffa0b510,0x0000000100000000)
  to   space 55296K, 0% used [0x00000000f9400000,0x00000000f9400000,0x00000000fca00000)
 ParOldGen       total 138240K, used 76372K [0x00000000c0000000, 0x00000000c8700000, 0x00000000eab00000)
  object space 138240K, 55% used [0x00000000c0000000,0x00000000c4a95290,0x00000000c8700000)
 Metaspace       used 6516K, capacity 7320K, committed 7680K, reserved 1056768K
  class space    used 621K, capacity 656K, committed 768K, reserved 1048576K
}
Event: 26.506 GC heap before
{Heap before GC invocations=13 (full 2):
 PSYoungGen      total 279552K, used 273453K [0x00000000eab00000, 0x0000000100000000, 0x0000000100000000)
  eden space 238592K, 100% used [0x00000000eab00000,0x00000000f9400000,0x00000000f9400000)
  from space 40960K, 85% used [0x00000000fd800000,0x00000000ffa0b510,0x0000000100000000)
  to   space 55296K, 0% used [0x00000000f9400000,0x00000000f9400000,0x00000000fca00000)
 ParOldGen       total 138240K, used 76372K [0x00000000c0000000, 0x00000000c8700000, 0x00000000eab00000)
  object space 138240K, 55% used [0x00000000c0000000,0x00000000c4a95290,0x00000000c8700000)
 Metaspace       used 6561K, capacity 7320K, committed 7680K, reserved 1056768K
  class space    used 622K, capacity 656K, committed 768K, reserved 1048576K
Event: 26.933 GC heap after
Heap after GC invocations=13 (full 2):
 PSYoungGen      total 274944K, used 35990K [0x00000000eab00000, 0x0000000100000000, 0x0000000100000000)
  eden space 238592K, 0% used [0x00000000eab00000,0x00000000eab00000,0x00000000f9400000)
  from space 36352K, 99% used [0x00000000f9400000,0x00000000fb725aa0,0x00000000fb780000)
  to   space 58368K, 0% used [0x00000000fc700000,0x00000000fc700000,0x0000000100000000)
 ParOldGen       total 138240K, used 111464K [0x00000000c0000000, 0x00000000c8700000, 0x00000000eab00000)
  object space 138240K, 80% used [0x00000000c0000000,0x00000000c6cda030,0x00000000c8700000)
 Metaspace       used 6561K, capacity 7320K, committed 7680K, reserved 1056768K
  class space    used 622K, capacity 656K, committed 768K, reserved 1048576K
}
Event: 26.933 GC heap before
{Heap before GC invocations=14 (full 3):
 PSYoungGen      total 274944K, used 35990K [0x00000000eab00000, 0x0000000100000000, 0x0000000100000000)
  eden space 238592K, 0% used [0x00000000eab00000,0x00000000eab00000,0x00000000f9400000)
  from space 36352K, 99% used [0x00000000f9400000,0x00000000fb725aa0,0x00000000fb780000)
  to   space 58368K, 0% used [0x00000000fc700000,0x00000000fc700000,0x0000000100000000)
 ParOldGen       total 138240K, used 111464K [0x00000000c0000000, 0x00000000c8700000, 0x00000000eab00000)
  object space 138240K, 80% used [0x00000000c0000000,0x00000000c6cda030,0x00000000c8700000)
 Metaspace       used 6561K, capacity 7320K, committed 7680K, reserved 1056768K
  class space    used 622K, capacity 656K, committed 768K, reserved 1048576K

