# JRE version: Java(TM) SE Runtime Environment (8.0_144-b01) (build 1.8.0_144-b01)
# Java VM: Java HotSpot(TM) 64-Bit Server VM (25.144-b01 mixed mode linux-amd64 compressed oops)
Heap:
 PSYoungGen      total 225792K, used 32903K [0x00000000eab00000, 0x0000000100000000, 0x0000000100000000)
  eden space 116736K, 0% used [0x00000000eab00000,0x00000000eab00000,0x00000000f1d00000)
  from space 109056K, 30% used [0x00000000f9580000,0x00000000fb5a1f20,0x0000000100000000)
  to   space 116224K, 0% used [0x00000000f1d00000,0x00000000f1d00000,0x00000000f8e80000)
 ParOldGen       total 479232K, used 478810K [0x00000000c0000000, 0x00000000dd400000, 0x00000000eab00000)
  object space 479232K, 99% used [0x00000000c0000000,0x00000000dd396a60,0x00000000dd400000)
 Metaspace       used 6611K, capacity 7384K, committed 7680K, reserved 1056768K
  class space    used 623K, capacity 656K, committed 768K, reserved 1048576K
GC Heap History (10 events):
Event: 80.086 GC heap after
Heap after GC invocations=27 (full 5):
 PSYoungGen      total 244736K, used 71648K [0x00000000eab00000, 0x0000000100000000, 0x0000000100000000)
  eden space 173056K, 0% used [0x00000000eab00000,0x00000000eab00000,0x00000000f5400000)
  from space 71680K, 99% used [0x00000000fba00000,0x00000000ffff8390,0x0000000100000000)
  to   space 88064K, 0% used [0x00000000f5400000,0x00000000f5400000,0x00000000faa00000)
 ParOldGen       total 479232K, used 360320K [0x00000000c0000000, 0x00000000dd400000, 0x00000000eab00000)
  object space 479232K, 75% used [0x00000000c0000000,0x00000000d5fe0150,0x00000000dd400000)
 Metaspace       used 6609K, capacity 7384K, committed 7680K, reserved 1056768K
  class space    used 623K, capacity 656K, committed 768K, reserved 1048576K
}
Event: 82.167 GC heap before
{Heap before GC invocations=28 (full 5):
 PSYoungGen      total 244736K, used 244704K [0x00000000eab00000, 0x0000000100000000, 0x0000000100000000)
  eden space 173056K, 100% used [0x00000000eab00000,0x00000000f5400000,0x00000000f5400000)
  from space 71680K, 99% used [0x00000000fba00000,0x00000000ffff8390,0x0000000100000000)
  to   space 88064K, 0% used [0x00000000f5400000,0x00000000f5400000,0x00000000faa00000)
 ParOldGen       total 479232K, used 360320K [0x00000000c0000000, 0x00000000dd400000, 0x00000000eab00000)
  object space 479232K, 75% used [0x00000000c0000000,0x00000000d5fe0150,0x00000000dd400000)
 Metaspace       used 6611K, capacity 7384K, committed 7680K, reserved 1056768K
  class space    used 623K, capacity 656K, committed 768K, reserved 1048576K
Event: 82.536 GC heap after
Heap after GC invocations=28 (full 5):
 PSYoungGen      total 243712K, used 70522K [0x00000000eab00000, 0x0000000100000000, 0x0000000100000000)
  eden space 173056K, 0% used [0x00000000eab00000,0x00000000eab00000,0x00000000f5400000)
  from space 70656K, 99% used [0x00000000f5400000,0x00000000f98de880,0x00000000f9900000)
  to   space 95232K, 0% used [0x00000000fa300000,0x00000000fa300000,0x0000000100000000)
 ParOldGen       total 479232K, used 384525K [0x00000000c0000000, 0x00000000dd400000, 0x00000000eab00000)
  object space 479232K, 80% used [0x00000000c0000000,0x00000000d7783520,0x00000000dd400000)
 Metaspace       used 6611K, capacity 7384K, committed 7680K, reserved 1056768K
  class space    used 623K, capacity 656K, committed 768K, reserved 1048576K
}
Event: 84.785 GC heap before
{Heap before GC invocations=29 (full 5):
 PSYoungGen      total 243712K, used 243578K [0x00000000eab00000, 0x0000000100000000, 0x0000000100000000)
  eden space 173056K, 100% used [0x00000000eab00000,0x00000000f5400000,0x00000000f5400000)
  from space 70656K, 99% used [0x00000000f5400000,0x00000000f98de880,0x00000000f9900000)
  to   space 95232K, 0% used [0x00000000fa300000,0x00000000fa300000,0x0000000100000000)
 ParOldGen       total 479232K, used 384525K [0x00000000c0000000, 0x00000000dd400000, 0x00000000eab00000)
  object space 479232K, 80% used [0x00000000c0000000,0x00000000d7783520,0x00000000dd400000)
 Metaspace       used 6611K, capacity 7384K, committed 7680K, reserved 1056768K
  class space    used 623K, capacity 656K, committed 768K, reserved 1048576K
Event: 85.189 GC heap after
Heap after GC invocations=29 (full 5):
 PSYoungGen      total 226304K, used 94196K [0x00000000eab00000, 0x0000000100000000, 0x0000000100000000)
  eden space 131072K, 0% used [0x00000000eab00000,0x00000000eab00000,0x00000000f2b00000)
  from space 95232K, 98% used [0x00000000fa300000,0x00000000ffefd160,0x0000000100000000)
  to   space 109056K, 0% used [0x00000000f2b00000,0x00000000f2b00000,0x00000000f9580000)
 ParOldGen       total 479232K, used 384525K [0x00000000c0000000, 0x00000000dd400000, 0x00000000eab00000)
  object space 479232K, 80% used [0x00000000c0000000,0x00000000d7783520,0x00000000dd400000)
 Metaspace       used 6611K, capacity 7384K, committed 7680K, reserved 1056768K
  class space    used 623K, capacity 656K, committed 768K, reserved 1048576K
}
Event: 87.195 GC heap before
{Heap before GC invocations=30 (full 5):
 PSYoungGen      total 226304K, used 225268K [0x00000000eab00000, 0x0000000100000000, 0x0000000100000000)
  eden space 131072K, 100% used [0x00000000eab00000,0x00000000f2b00000,0x00000000f2b00000)
  from space 95232K, 98% used [0x00000000fa300000,0x00000000ffefd160,0x0000000100000000)
  to   space 109056K, 0% used [0x00000000f2b00000,0x00000000f2b00000,0x00000000f9580000)
 ParOldGen       total 479232K, used 384525K [0x00000000c0000000, 0x00000000dd400000, 0x00000000eab00000)
  object space 479232K, 80% used [0x00000000c0000000,0x00000000d7783520,0x00000000dd400000)
 Metaspace       used 6611K, capacity 7384K, committed 7680K, reserved 1056768K
  class space    used 623K, capacity 656K, committed 768K, reserved 1048576K
Event: 87.612 GC heap after
Heap after GC invocations=30 (full 5):
 PSYoungGen      total 240128K, used 109031K [0x00000000eab00000, 0x0000000100000000, 0x0000000100000000)
  eden space 131072K, 0% used [0x00000000eab00000,0x00000000eab00000,0x00000000f2b00000)
  from space 109056K, 99% used [0x00000000f2b00000,0x00000000f9579ee0,0x00000000f9580000)
  to   space 109056K, 0% used [0x00000000f9580000,0x00000000f9580000,0x0000000100000000)
 ParOldGen       total 479232K, used 388019K [0x00000000c0000000, 0x00000000dd400000, 0x00000000eab00000)
  object space 479232K, 80% used [0x00000000c0000000,0x00000000d7aece48,0x00000000dd400000)
 Metaspace       used 6611K, capacity 7384K, committed 7680K, reserved 1056768K
  class space    used 623K, capacity 656K, committed 768K, reserved 1048576K
}
Event: 89.331 GC heap before
{Heap before GC invocations=31 (full 5):
 PSYoungGen      total 240128K, used 240103K [0x00000000eab00000, 0x0000000100000000, 0x0000000100000000)
  eden space 131072K, 100% used [0x00000000eab00000,0x00000000f2b00000,0x00000000f2b00000)
  from space 109056K, 99% used [0x00000000f2b00000,0x00000000f9579ee0,0x00000000f9580000)
  to   space 109056K, 0% used [0x00000000f9580000,0x00000000f9580000,0x0000000100000000)
 ParOldGen       total 479232K, used 388019K [0x00000000c0000000, 0x00000000dd400000, 0x00000000eab00000)
  object space 479232K, 80% used [0x00000000c0000000,0x00000000d7aece48,0x00000000dd400000)
 Metaspace       used 6611K, capacity 7384K, committed 7680K, reserved 1056768K
  class space    used 623K, capacity 656K, committed 768K, reserved 1048576K
Event: 89.838 GC heap after
Heap after GC invocations=31 (full 5):
 PSYoungGen      total 225792K, used 82809K [0x00000000eab00000, 0x0000000100000000, 0x0000000100000000)
  eden space 116736K, 0% used [0x00000000eab00000,0x00000000eab00000,0x00000000f1d00000)
  from space 109056K, 75% used [0x00000000f9580000,0x00000000fe65e7a0,0x0000000100000000)
  to   space 116224K, 0% used [0x00000000f1d00000,0x00000000f1d00000,0x00000000f8e80000)
 ParOldGen       total 479232K, used 434177K [0x00000000c0000000, 0x00000000dd400000, 0x00000000eab00000)
  object space 479232K, 90% used [0x00000000c0000000,0x00000000da800558,0x00000000dd400000)
 Metaspace       used 6611K, capacity 7384K, committed 7680K, reserved 1056768K
  class space    used 623K, capacity 656K, committed 768K, reserved 1048576K
}
Event: 89.838 GC heap before
{Heap before GC invocations=32 (full 6):
 PSYoungGen      total 225792K, used 82809K [0x00000000eab00000, 0x0000000100000000, 0x0000000100000000)
  eden space 116736K, 0% used [0x00000000eab00000,0x00000000eab00000,0x00000000f1d00000)
  from space 109056K, 75% used [0x00000000f9580000,0x00000000fe65e7a0,0x0000000100000000)
  to   space 116224K, 0% used [0x00000000f1d00000,0x00000000f1d00000,0x00000000f8e80000)
 ParOldGen       total 479232K, used 434177K [0x00000000c0000000, 0x00000000dd400000, 0x00000000eab00000)
  object space 479232K, 90% used [0x00000000c0000000,0x00000000da800558,0x00000000dd400000)
 Metaspace       used 6611K, capacity 7384K, committed 7680K, reserved 1056768K
  class space    used 623K, capacity 656K, committed 768K, reserved 1048576K

